Release 14.3 - ngc2edif P.40xd (nt64)
Copyright (c) 1995-2012 Xilinx, Inc.  All rights reserved.
Reading design cpu_top.ngc ...
WARNING:NetListWriters:298 - No output is written to cpu_top.xncf, ignored.
Processing design ...
   Preping design's networks ...
   Preping design's macros ...
  finished :Prep
Writing EDIF netlist file cpu_top.edif ...
ngc2edif: Total memory usage is 81968 kilobytes

Release 14.3 - ngc2edif P.40xd (nt64)
Copyright (c) 1995-2012 Xilinx, Inc.  All rights reserved.
Reading design cpu_top.ngc ...
WARNING:NetListWriters:298 - No output is written to cpu_top.xncf, ignored.
Processing design ...
   Preping design's networks ...
   Preping design's macros ...
  finished :Prep
Writing EDIF netlist file cpu_top.edif ...
ngc2edif: Total memory usage is 81456 kilobytes

Release 14.3 - ngc2edif P.40xd (nt64)
Copyright (c) 1995-2012 Xilinx, Inc.  All rights reserved.
Reading design cpu_top.ngc ...
WARNING:NetListWriters:298 - No output is written to cpu_top.xncf, ignored.
Processing design ...
   Preping design's networks ...
   Preping design's macros ...
  finished :Prep
Writing EDIF netlist file cpu_top.edif ...
ngc2edif: Total memory usage is 81456 kilobytes

Release 14.3 - ngc2edif P.40xd (nt64)
Copyright (c) 1995-2012 Xilinx, Inc.  All rights reserved.
Reading design cpu_top.ngc ...
WARNING:NetListWriters:298 - No output is written to cpu_top.xncf, ignored.
Processing design ...
   Preping design's networks ...
   Preping design's macros ...
  finished :Prep
Writing EDIF netlist file cpu_top.edif ...
ngc2edif: Total memory usage is 81456 kilobytes

Release 14.3 - ngc2edif P.40xd (nt64)
Copyright (c) 1995-2012 Xilinx, Inc.  All rights reserved.
Reading design cpu_top.ngc ...
WARNING:NetListWriters:298 - No output is written to cpu_top.xncf, ignored.
Processing design ...
   Preping design's networks ...
   Preping design's macros ...
  finished :Prep
Writing EDIF netlist file cpu_top.edif ...
ngc2edif: Total memory usage is 82032 kilobytes

Release 14.3 - ngc2edif P.40xd (nt64)
Copyright (c) 1995-2012 Xilinx, Inc.  All rights reserved.
Reading design cpu_top.ngc ...
WARNING:NetListWriters:298 - No output is written to cpu_top.xncf, ignored.
Processing design ...
   Preping design's networks ...
   Preping design's macros ...
  finished :Prep
Writing EDIF netlist file cpu_top.edif ...
ngc2edif: Total memory usage is 82480 kilobytes

Release 14.3 - ngc2edif P.40xd (nt64)
Copyright (c) 1995-2012 Xilinx, Inc.  All rights reserved.
Reading design cpu_top.ngc ...
WARNING:NetListWriters:298 - No output is written to cpu_top.xncf, ignored.
Processing design ...
   Preping design's networks ...
   Preping design's macros ...
  finished :Prep
Writing EDIF netlist file cpu_top.edif ...
ngc2edif: Total memory usage is 83168 kilobytes

